<?xml version="1.0" encoding="UTF-8"?>
<!-- Generated by org.testng.reporters.JUnitReportReporter -->
<testsuite hostname="ANANDASBEASTLAPTOP" name="checkbox_selection.Single_checkboxSelection" tests="1" failures="0" timestamp="22 Apr 2024 12:12:42 GMT" time="11.393" errors="0">
  <testcase name="checkboxSingle" time="11.393" classname="checkbox_selection.Single_checkboxSelection"/>
</testsuite> <!-- checkbox_selection.Single_checkboxSelection -->
