<?xml version="1.0" encoding="UTF-8"?>
<!-- Generated by org.testng.reporters.JUnitReportReporter -->
<testsuite hostname="ANANDASBEASTLAPTOP" name="alerts.Accept_Method" tests="1" failures="0" timestamp="10 May 2024 03:46:54 GMT" time="6.165" errors="0">
  <testcase name="Alert_AcceptMethod" time="6.165" classname="alerts.Accept_Method"/>
</testsuite> <!-- alerts.Accept_Method -->
