<?xml version="1.0" encoding="UTF-8"?>
<!-- Generated by org.testng.reporters.JUnitReportReporter -->
<testsuite hostname="ANANDASBEASTLAPTOP" name="dropdown_handling.De_selectAll_optionsAtaTime" tests="1" failures="0" timestamp="24 Apr 2024 06:23:28 GMT" time="4.380" errors="0">
  <testcase name="de_selectAll" time="4.380" classname="dropdown_handling.De_selectAll_optionsAtaTime"/>
</testsuite> <!-- dropdown_handling.De_selectAll_optionsAtaTime -->
