<?xml version="1.0" encoding="UTF-8"?>
<!-- Generated by org.testng.reporters.JUnitReportReporter -->
<testsuite hostname="ANANDASBEASTLAPTOP" name="scrolle_bar_Handling.Pixils_Vertical_ScrollUsing" tests="1" failures="0" timestamp="24 Apr 2024 12:11:00 GMT" time="7.131" errors="0">
  <testcase name="pixils_scrolling" time="7.131" classname="scrolle_bar_Handling.Pixils_Vertical_ScrollUsing"/>
</testsuite> <!-- scrolle_bar_Handling.Pixils_Vertical_ScrollUsing -->
