<?xml version="1.0" encoding="UTF-8"?>
<!-- Generated by org.testng.reporters.JUnitReportReporter -->
<testsuite hostname="ANANDASBEASTLAPTOP" name="window_and_Tab_Handling.Tab_Handling" tests="1" failures="0" timestamp="5 May 2024 00:37:49 GMT" time="31.048" errors="0">
  <testcase name="tab_handling" time="31.048" classname="window_and_Tab_Handling.Tab_Handling"/>
</testsuite> <!-- window_and_Tab_Handling.Tab_Handling -->
