<?xml version="1.0" encoding="UTF-8"?>
<!-- Generated by org.testng.reporters.JUnitReportReporter -->
<testsuite hostname="ANANDASBEASTLAPTOP" name="scrolle_bar_Handling.Visibility_of_element" tests="1" failures="0" timestamp="24 Apr 2024 14:33:48 GMT" time="24.066" errors="0">
  <testcase name="visiblityElement" time="24.066" classname="scrolle_bar_Handling.Visibility_of_element"/>
</testsuite> <!-- scrolle_bar_Handling.Visibility_of_element -->
