<?xml version="1.0" encoding="UTF-8"?>
<!-- Generated by org.testng.reporters.JUnitReportReporter -->
<testsuite hostname="ANANDASBEASTLAPTOP" name="button_clicking.Use_ClickMethod" tests="1" failures="0" timestamp="23 May 2024 09:54:45 GMT" time="4.559" errors="0">
  <testcase name="clickmethod" time="4.559" classname="button_clicking.Use_ClickMethod"/>
</testsuite> <!-- button_clicking.Use_ClickMethod -->
