<?xml version="1.0" encoding="UTF-8"?>
<!-- Generated by org.testng.reporters.JUnitReportReporter -->
<testsuite hostname="ANANDASBEASTLAPTOP" name="reports.TestNG_ExtentREports" tests="1" failures="0" timestamp="24 May 2024 14:04:20 GMT" time="0.016" errors="0">
  <testcase name="test1" time="0.016" classname="reports.TestNG_ExtentREports"/>
</testsuite> <!-- reports.TestNG_ExtentREports -->
