<?xml version="1.0" encoding="UTF-8"?>
<!-- Generated by org.testng.reporters.JUnitReportReporter -->
<testsuite hostname="ANANDASBEASTLAPTOP" name="frames.Simple_switchFrame" tests="1" failures="0" timestamp="5 May 2024 08:43:48 GMT" time="8.462" errors="0">
  <testcase name="frameFinding" time="8.462" classname="frames.Simple_switchFrame"/>
</testsuite> <!-- frames.Simple_switchFrame -->
