<?xml version="1.0" encoding="UTF-8"?>
<!-- Generated by org.testng.reporters.JUnitReportReporter -->
<testsuite hostname="ANANDASBEASTLAPTOP" name="attributes_Examples.Enabled_Attribute" tests="1" failures="0" timestamp="21 May 2024 08:48:22 GMT" time="0.015" errors="0">
  <testcase name="Method2" time="0.015" classname="attributes_Examples.Enabled_Attribute"/>
</testsuite> <!-- attributes_Examples.Enabled_Attribute -->
