<?xml version="1.0" encoding="UTF-8"?>
<!-- Generated by org.testng.reporters.JUnitReportReporter -->
<testsuite hostname="ANANDASBEASTLAPTOP" name="attributes_Examples.Dependson_Attribute" tests="2" failures="0" timestamp="21 May 2024 08:36:09 GMT" time="0.006" errors="0">
  <testcase name="ADependson2" time="0.000" classname="attributes_Examples.Dependson_Attribute"/>
  <testcase name="Dependson1" time="0.006" classname="attributes_Examples.Dependson_Attribute"/>
</testsuite> <!-- attributes_Examples.Dependson_Attribute -->
