<?xml version="1.0" encoding="UTF-8"?>
<!-- Generated by org.testng.reporters.JUnitReportReporter -->
<testsuite hostname="ANANDASBEASTLAPTOP" name="dataProvider_Annotation.Hardcoding_dataIn_Dataprovider" tests="2" failures="0" timestamp="19 May 2024 08:45:06 GMT" time="0.016" errors="0">
  <testcase name="Dataprovider_Hardcoding" time="0.000" classname="dataProvider_Annotation.Hardcoding_dataIn_Dataprovider"/>
  <testcase name="Dataprovider_Hardcoding" time="0.016" classname="dataProvider_Annotation.Hardcoding_dataIn_Dataprovider"/>
</testsuite> <!-- dataProvider_Annotation.Hardcoding_dataIn_Dataprovider -->
