<?xml version="1.0" encoding="UTF-8"?>
<!-- Generated by org.testng.reporters.JUnitReportReporter -->
<testsuite hostname="ANANDASBEASTLAPTOP" name="textbox_data.DataInto_TextBox" tests="1" failures="0" timestamp="27 May 2024 09:31:28 GMT" time="10.228" errors="0">
  <testcase name="textbox_Data" time="10.228" classname="textbox_data.DataInto_TextBox"/>
</testsuite> <!-- textbox_data.DataInto_TextBox -->
