<?xml version="1.0" encoding="UTF-8"?>
<!-- Generated by org.testng.reporters.JUnitReportReporter -->
<testsuite hostname="ANANDASBEASTLAPTOP" name="parallel_Testing.Use_Classs2_parallel" tests="2" failures="0" timestamp="27 May 2024 10:45:19 GMT" time="22.419" errors="0">
  <testcase name="class_method2" time="9.634" classname="parallel_Testing.Use_Classs2_parallel"/>
  <testcase name="class_method1" time="12.785" classname="parallel_Testing.Use_Classs2_parallel"/>
</testsuite> <!-- parallel_Testing.Use_Classs2_parallel -->
