<?xml version="1.0" encoding="UTF-8"?>
<!-- Generated by org.testng.reporters.JUnitReportReporter -->
<testsuite hostname="ANANDASBEASTLAPTOP" name="keyBoard_And_Mouse_Actions.DoubleClick" tests="1" failures="0" timestamp="28 Apr 2024 04:08:14 GMT" time="9.958" errors="0">
  <testcase name="doubleClick" time="9.958" classname="keyBoard_And_Mouse_Actions.DoubleClick"/>
</testsuite> <!-- keyBoard_And_Mouse_Actions.DoubleClick -->
