<?xml version="1.0" encoding="UTF-8"?>
<!-- Generated by org.testng.reporters.JUnitReportReporter -->
<testsuite hostname="ANANDASBEASTLAPTOP" name="parameters_Annotations.SuiteLevel_param_sub" tests="1" failures="0" timestamp="18 May 2024 14:04:48 GMT" time="0.008" errors="0">
  <testcase name="subtraction_ofNumber" time="0.008" classname="parameters_Annotations.SuiteLevel_param_sub"/>
</testsuite> <!-- parameters_Annotations.SuiteLevel_param_sub -->
