<?xml version="1.0" encoding="UTF-8"?>
<!-- Generated by org.testng.reporters.JUnitReportReporter -->
<testsuite hostname="ANANDASBEASTLAPTOP" name="textbox_data.DataInto_TextBox" tests="1" failures="0" timestamp="22 Apr 2024 09:15:33 GMT" time="9.938" errors="0">
  <testcase name="textbox_Data" time="9.938" classname="textbox_data.DataInto_TextBox"/>
</testsuite> <!-- textbox_data.DataInto_TextBox -->
