<?xml version="1.0" encoding="UTF-8"?>
<!-- Generated by org.testng.reporters.JUnitReportReporter -->
<testsuite hostname="ANANDASBEASTLAPTOP" name="annotations.Suit_annotation" tests="2" failures="0" timestamp="17 May 2024 03:14:22 GMT" time="0.006" errors="0">
  <testcase name="Test_method1" time="0.005" classname="annotations.Suit_annotation"/>
  <testcase name="Test_method2" time="0.001" classname="annotations.Suit_annotation"/>
</testsuite> <!-- annotations.Suit_annotation -->
