<?xml version="1.0" encoding="UTF-8"?>
<!-- Generated by org.testng.reporters.JUnitReportReporter -->
<testsuite hostname="ANANDASBEASTLAPTOP" name="reports.SimpleExtentReport" tests="1" failures="0" timestamp="24 May 2024 03:56:49 GMT" time="0.598" errors="0">
  <testcase name="Extentpass" time="0.598" classname="reports.SimpleExtentReport"/>
</testsuite> <!-- reports.SimpleExtentReport -->
