<?xml version="1.0" encoding="UTF-8"?>
<!-- Generated by org.testng.reporters.JUnitReportReporter -->
<testsuite hostname="ANANDASBEASTLAPTOP" name="parameters_Annotations.TestLevel2" tests="2" failures="0" timestamp="18 May 2024 17:39:25 GMT" time="0.000" errors="0">
  <testcase name="Fruits" time="0.000" classname="parameters_Annotations.TestLevel2"/>
  <testcase name="veggis1" time="0.000" classname="parameters_Annotations.TestLevel2"/>
</testsuite> <!-- parameters_Annotations.TestLevel2 -->
