<?xml version="1.0" encoding="UTF-8"?>
<!-- Generated by org.testng.reporters.JUnitReportReporter -->
<testsuite hostname="ANANDASBEASTLAPTOP" name="window_and_Tab_Handling.Windows_open" tests="1" failures="0" timestamp="4 May 2024 12:46:33 GMT" time="17.641" errors="0">
  <testcase name="windowopen" time="17.641" classname="window_and_Tab_Handling.Windows_open"/>
</testsuite> <!-- window_and_Tab_Handling.Windows_open -->
