<?xml version="1.0" encoding="UTF-8"?>
<!-- Generated by org.testng.reporters.JUnitReportReporter -->
<testsuite hostname="ANANDASBEASTLAPTOP" name="keyBoard_And_Mouse_Actions.Drag_Drop_handling" tests="1" failures="0" timestamp="28 Apr 2024 07:57:40 GMT" time="7.623" errors="0">
  <testcase name="drap_drop_handling" time="7.623" classname="keyBoard_And_Mouse_Actions.Drag_Drop_handling"/>
</testsuite> <!-- keyBoard_And_Mouse_Actions.Drag_Drop_handling -->
