<?xml version="1.0" encoding="UTF-8"?>
<!-- Generated by org.testng.reporters.JUnitReportReporter -->
<testsuite hostname="ANANDASBEASTLAPTOP" name="parallel_Testing.use_Classes1_parallel" tests="2" failures="0" timestamp="27 May 2024 10:45:19 GMT" time="18.017" errors="0">
  <testcase name="class_method1" time="9.916" classname="parallel_Testing.use_Classes1_parallel"/>
  <testcase name="class_method2" time="8.101" classname="parallel_Testing.use_Classes1_parallel"/>
</testsuite> <!-- parallel_Testing.use_Classes1_parallel -->
