<?xml version="1.0" encoding="UTF-8"?>
<!-- Generated by org.testng.reporters.JUnitReportReporter -->
<testsuite hostname="ANANDASBEASTLAPTOP" name="scrolle_bar_Handling.Visibility_of_element" tests="1" failures="0" timestamp="26 Apr 2024 13:07:42 GMT" time="10.515" errors="0">
  <testcase name="visiblityElement" time="10.515" classname="scrolle_bar_Handling.Visibility_of_element"/>
</testsuite> <!-- scrolle_bar_Handling.Visibility_of_element -->
