<?xml version="1.0" encoding="UTF-8"?>
<!-- Generated by org.testng.reporters.JUnitReportReporter -->
<testsuite hostname="ANANDASBEASTLAPTOP" name="keyBoard_And_Mouse_Actions.Release_MEthodHandling" tests="1" failures="0" timestamp="29 Apr 2024 02:51:11 GMT" time="11.052" errors="0">
  <testcase name="release" time="11.052" classname="keyBoard_And_Mouse_Actions.Release_MEthodHandling"/>
</testsuite> <!-- keyBoard_And_Mouse_Actions.Release_MEthodHandling -->
