<?xml version="1.0" encoding="UTF-8"?>
<!-- Generated by org.testng.reporters.JUnitReportReporter -->
<testsuite hostname="ANANDASBEASTLAPTOP" name="keyboard_keys_Actions.KeysUpAndDown_Actions" tests="1" failures="0" timestamp="4 May 2024 04:09:24 GMT" time="10.379" errors="0">
  <testcase name="keyUp_down" time="10.379" classname="keyboard_keys_Actions.KeysUpAndDown_Actions"/>
</testsuite> <!-- keyboard_keys_Actions.KeysUpAndDown_Actions -->
