<?xml version="1.0" encoding="UTF-8"?>
<!-- Generated by org.testng.reporters.JUnitReportReporter -->
<testsuite hostname="ANANDASBEASTLAPTOP" name="parameters_Annotations.SuitLevel_param_sum" tests="1" failures="0" timestamp="18 May 2024 14:04:48 GMT" time="0.001" errors="0">
  <testcase name="sum_number" time="0.001" classname="parameters_Annotations.SuitLevel_param_sum"/>
</testsuite> <!-- parameters_Annotations.SuitLevel_param_sum -->
