<?xml version="1.0" encoding="UTF-8"?>
<!-- Generated by org.testng.reporters.JUnitReportReporter -->
<testsuite hostname="ANANDASBEASTLAPTOP" name="keyBoard_And_Mouse_Actions.MoveByOffset" tests="1" failures="0" timestamp="28 Apr 2024 12:40:58 GMT" time="10.547" errors="0">
  <testcase name="moveByOffSetmethod" time="10.547" classname="keyBoard_And_Mouse_Actions.MoveByOffset"/>
</testsuite> <!-- keyBoard_And_Mouse_Actions.MoveByOffset -->
