<?xml version="1.0" encoding="UTF-8"?>
<!-- Generated by org.testng.reporters.JUnitReportReporter -->
<testsuite hostname="ANANDASBEASTLAPTOP" name="button_clicking.Use_ClickMethod" tests="1" failures="0" timestamp="22 Apr 2024 10:49:03 GMT" time="7.700" errors="0">
  <testcase name="clickmethod" time="7.700" classname="button_clicking.Use_ClickMethod"/>
</testsuite> <!-- button_clicking.Use_ClickMethod -->
