<?xml version="1.0" encoding="UTF-8"?>
<!-- Generated by org.testng.reporters.JUnitReportReporter -->
<testsuite hostname="ANANDASBEASTLAPTOP" name="screenshot_taking.FullPage_ScreenShot" tests="1" failures="0" timestamp="25 May 2024 09:07:33 GMT" time="12.646" errors="0">
  <testcase name="fullpate_Screenshot" time="12.646" classname="screenshot_taking.FullPage_ScreenShot"/>
</testsuite> <!-- screenshot_taking.FullPage_ScreenShot -->
