<?xml version="1.0" encoding="UTF-8"?>
<!-- Generated by org.testng.reporters.JUnitReportReporter -->
<testsuite hostname="ANANDASBEASTLAPTOP" name="dropdown_handling.DynamicDropdowns" tests="1" failures="0" timestamp="25 Apr 2024 13:01:37 GMT" time="11.128" errors="0">
  <testcase name="dynamic_dropdowns" time="11.128" classname="dropdown_handling.DynamicDropdowns"/>
</testsuite> <!-- dropdown_handling.DynamicDropdowns -->
