<?xml version="1.0" encoding="UTF-8"?>
<!-- Generated by org.testng.reporters.JUnitReportReporter -->
<testsuite hostname="ANANDASBEASTLAPTOP" name="screenshot_taking.CurrentScreen_ScreenShot" tests="1" failures="0" timestamp="25 May 2024 07:23:37 GMT" time="8.791" errors="0">
  <testcase name="launch_chrome_facebookURL" time="8.791" classname="screenshot_taking.CurrentScreen_ScreenShot"/>
</testsuite> <!-- screenshot_taking.CurrentScreen_ScreenShot -->
