<?xml version="1.0" encoding="UTF-8"?>
<!-- Generated by org.testng.reporters.JUnitReportReporter -->
<testsuite hostname="ANANDASBEASTLAPTOP" name="attributes_Examples.Priority_Attribute" tests="3" failures="0" timestamp="21 May 2024 09:10:06 GMT" time="0.000" errors="0">
  <testcase name="priority_m2" time="0.000" classname="attributes_Examples.Priority_Attribute"/>
  <testcase name="prority" time="0.000" classname="attributes_Examples.Priority_Attribute"/>
  <testcase name="priority_m3" time="0.000" classname="attributes_Examples.Priority_Attribute"/>
</testsuite> <!-- attributes_Examples.Priority_Attribute -->
