<?xml version="1.0" encoding="UTF-8"?>
<!-- Generated by org.testng.reporters.JUnitReportReporter -->
<testsuite hostname="ANANDASBEASTLAPTOP" name="attributes_Examples.Groups_Attribute" tests="1" failures="0" timestamp="21 May 2024 09:47:11 GMT" time="0.000" errors="0">
  <testcase name="Method_G3" time="0.000" classname="attributes_Examples.Groups_Attribute"/>
</testsuite> <!-- attributes_Examples.Groups_Attribute -->
