<?xml version="1.0" encoding="UTF-8"?>
<!-- Generated by org.testng.reporters.JUnitReportReporter -->
<testsuite hostname="ANANDASBEASTLAPTOP" name="attributes_Examples.Description_Attribute" tests="1" failures="0" timestamp="21 May 2024 07:51:19 GMT" time="0.016" errors="0">
  <testcase name="Description_Attribute" time="0.016" classname="attributes_Examples.Description_Attribute"/>
</testsuite> <!-- attributes_Examples.Description_Attribute -->
