<?xml version="1.0" encoding="UTF-8"?>
<!-- Generated by org.testng.reporters.JUnitReportReporter -->
<testsuite hostname="ANANDASBEASTLAPTOP" name="dropdown_handling.De_selectAll_optionsAtaTime" tests="1" failures="0" timestamp="24 Apr 2024 07:44:34 GMT" time="5.774" errors="0">
  <testcase name="de_selectAll" time="5.774" classname="dropdown_handling.De_selectAll_optionsAtaTime"/>
</testsuite> <!-- dropdown_handling.De_selectAll_optionsAtaTime -->
