<?xml version="1.0" encoding="UTF-8"?>
<!-- Generated by org.testng.reporters.JUnitReportReporter -->
<testsuite hostname="ANANDASBEASTLAPTOP" name="keyBoard_And_Mouse_Actions.MoveToElement_Method" tests="1" failures="0" timestamp="28 Apr 2024 09:08:48 GMT" time="7.834" errors="0">
  <testcase name="CursorMovingElement" time="7.834" classname="keyBoard_And_Mouse_Actions.MoveToElement_Method"/>
</testsuite> <!-- keyBoard_And_Mouse_Actions.MoveToElement_Method -->
