<?xml version="1.0" encoding="UTF-8"?>
<!-- Generated by org.testng.reporters.JUnitReportReporter -->
<testsuite hostname="ANANDASBEASTLAPTOP" name="radio_button.RadioButtonSelection" tests="1" failures="0" timestamp="22 Apr 2024 11:14:17 GMT" time="6.571" errors="0">
  <testcase name="radioButton" time="6.571" classname="radio_button.RadioButtonSelection"/>
</testsuite> <!-- radio_button.RadioButtonSelection -->
