<?xml version="1.0" encoding="UTF-8"?>
<!-- Generated by org.testng.reporters.JUnitReportReporter -->
<testsuite hostname="ANANDASBEASTLAPTOP" name="dropdown_handling.Multiple_OptionFrom_Dropdown" tests="1" failures="0" timestamp="24 Apr 2024 06:36:44 GMT" time="4.195" errors="0">
  <testcase name="multipleSelection_dropdown" time="4.195" classname="dropdown_handling.Multiple_OptionFrom_Dropdown"/>
</testsuite> <!-- dropdown_handling.Multiple_OptionFrom_Dropdown -->
