<?xml version="1.0" encoding="UTF-8"?>
<!-- Generated by org.testng.reporters.JUnitReportReporter -->
<testsuite hostname="ANANDASBEASTLAPTOP" name="annotations.Groups_BeforeAndAfter_Annotation" tests="3" failures="0" timestamp="21 May 2024 13:31:39 GMT" time="0.000" errors="0">
  <testcase name="Method1G1" time="0.000" classname="annotations.Groups_BeforeAndAfter_Annotation"/>
  <testcase name="Method2G1" time="0.000" classname="annotations.Groups_BeforeAndAfter_Annotation"/>
  <testcase name="Method3" time="0.000" classname="annotations.Groups_BeforeAndAfter_Annotation"/>
</testsuite> <!-- annotations.Groups_BeforeAndAfter_Annotation -->
