<?xml version="1.0" encoding="UTF-8"?>
<!-- Generated by org.testng.reporters.JUnitReportReporter -->
<testsuite hostname="ANANDASBEASTLAPTOP" name="waits_In_Selenium.ImplicitWait" tests="1" failures="0" timestamp="12 May 2024 03:54:12 GMT" time="10.102" errors="0">
  <testcase name="implicitwaitsss" time="10.102" classname="waits_In_Selenium.ImplicitWait"/>
</testsuite> <!-- waits_In_Selenium.ImplicitWait -->
