<?xml version="1.0" encoding="UTF-8"?>
<!-- Generated by org.testng.reporters.JUnitReportReporter -->
<testsuite hostname="ANANDASBEASTLAPTOP" name="button_clicking.Using_SubmitMethod" tests="1" failures="0" timestamp="22 Apr 2024 09:37:46 GMT" time="4.526" errors="0">
  <testcase name="submit_method" time="4.526" classname="button_clicking.Using_SubmitMethod"/>
</testsuite> <!-- button_clicking.Using_SubmitMethod -->
