<?xml version="1.0" encoding="UTF-8"?>
<!-- Generated by org.testng.reporters.JUnitReportReporter -->
<testsuite hostname="ANANDASBEASTLAPTOP" name="checkbox_selection.MultiCheckboxSelection" tests="1" failures="0" timestamp="23 Apr 2024 08:42:40 GMT" time="8.683" errors="0">
  <testcase name="multiple_Selection" time="8.683" classname="checkbox_selection.MultiCheckboxSelection"/>
</testsuite> <!-- checkbox_selection.MultiCheckboxSelection -->
