<?xml version="1.0" encoding="UTF-8"?>
<!-- Generated by org.testng.reporters.JUnitReportReporter -->
<testsuite hostname="ANANDASBEASTLAPTOP" name="window_and_Tab_Handling.Facebooklogin" tests="1" failures="0" timestamp="4 May 2024 16:57:12 GMT" time="7.107" errors="0">
  <testcase name="login_page" time="7.107" classname="window_and_Tab_Handling.Facebooklogin"/>
</testsuite> <!-- window_and_Tab_Handling.Facebooklogin -->
