<?xml version="1.0" encoding="UTF-8"?>
<!-- Generated by org.testng.reporters.JUnitReportReporter -->
<testsuite hostname="ANANDASBEASTLAPTOP" name="alerts.DismissMethod" tests="1" failures="0" timestamp="10 May 2024 16:05:42 GMT" time="12.926" errors="0">
  <testcase name="Use_Of_Dismiss_Method" time="12.926" classname="alerts.DismissMethod"/>
</testsuite> <!-- alerts.DismissMethod -->
