<?xml version="1.0" encoding="UTF-8"?>
<!-- Generated by org.testng.reporters.JUnitReportReporter -->
<testsuite hostname="ANANDASBEASTLAPTOP" name="parallel_Testing.Simple_Parallel_Testing" tests="9" failures="0" timestamp="27 May 2024 01:48:02 GMT" time="246.773" errors="0">
  <testcase name="parallel_5method" time="24.759" classname="parallel_Testing.Simple_Parallel_Testing"/>
  <testcase name="parallel_8method" time="31.245" classname="parallel_Testing.Simple_Parallel_Testing"/>
  <testcase name="parallel_3method" time="31.851" classname="parallel_Testing.Simple_Parallel_Testing"/>
  <testcase name="parallel_4methods" time="24.167" classname="parallel_Testing.Simple_Parallel_Testing"/>
  <testcase name="parallel_7methods" time="26.343" classname="parallel_Testing.Simple_Parallel_Testing"/>
  <testcase name="parallel_9method" time="25.522" classname="parallel_Testing.Simple_Parallel_Testing"/>
  <testcase name="parallel_2method" time="19.524" classname="parallel_Testing.Simple_Parallel_Testing"/>
  <testcase name="parallel_6method" time="31.532" classname="parallel_Testing.Simple_Parallel_Testing"/>
  <testcase name="parallel_1methods" time="31.830" classname="parallel_Testing.Simple_Parallel_Testing"/>
</testsuite> <!-- parallel_Testing.Simple_Parallel_Testing -->
