<?xml version="1.0" encoding="UTF-8"?>
<!-- Generated by org.testng.reporters.JUnitReportReporter -->
<testsuite hostname="ANANDASBEASTLAPTOP" name="dataProvider_Annotation.TestClasss1" tests="5" failures="0" timestamp="21 May 2024 01:50:37 GMT" time="0.009" errors="0">
  <testcase name="Display_multipalParamters" time="0.000" classname="dataProvider_Annotation.TestClasss1"/>
  <testcase name="display_dataprovider" time="0.001" classname="dataProvider_Annotation.TestClasss1"/>
  <testcase name="display_dataprovider" time="0.001" classname="dataProvider_Annotation.TestClasss1"/>
  <testcase name="Display_multipalParamters" time="0.007" classname="dataProvider_Annotation.TestClasss1"/>
  <testcase name="display_dataprovider" time="0.000" classname="dataProvider_Annotation.TestClasss1"/>
</testsuite> <!-- dataProvider_Annotation.TestClasss1 -->
