<?xml version="1.0" encoding="UTF-8"?>
<!-- Generated by org.testng.reporters.JUnitReportReporter -->
<testsuite hostname="ANANDASBEASTLAPTOP" name="keyBoard_And_Mouse_Actions.ContextClick" tests="1" failures="0" timestamp="1 May 2024 01:41:28 GMT" time="12.745" errors="0">
  <testcase name="contextClickHandling" time="12.745" classname="keyBoard_And_Mouse_Actions.ContextClick"/>
</testsuite> <!-- keyBoard_And_Mouse_Actions.ContextClick -->
