<?xml version="1.0" encoding="UTF-8"?>
<!-- Generated by org.testng.reporters.JUnitReportReporter -->
<testsuite hostname="ANANDASBEASTLAPTOP" name="scrolle_bar_Handling.PageBottonScrolling" tests="1" failures="0" timestamp="24 Apr 2024 14:31:39 GMT" time="12.402" errors="0">
  <testcase name="bottomPageScrolling" time="12.402" classname="scrolle_bar_Handling.PageBottonScrolling"/>
</testsuite> <!-- scrolle_bar_Handling.PageBottonScrolling -->
