<?xml version="1.0" encoding="UTF-8"?>
<!-- Generated by org.testng.reporters.JUnitReportReporter -->
<testsuite hostname="ANANDASBEASTLAPTOP" name="basic_Code_Practice.Postcall_CreatingRecord" tests="3" failures="0" timestamp="31 May 2024 12:33:58 GMT" time="9.295" errors="0">
  <testcase name="post_Call_RecordCreation" time="3.904" classname="basic_Code_Practice.Postcall_CreatingRecord"/>
  <testcase name="delete_Call" time="3.515" classname="basic_Code_Practice.Postcall_CreatingRecord"/>
  <testcase name="get_Call" time="1.876" classname="basic_Code_Practice.Postcall_CreatingRecord"/>
</testsuite> <!-- basic_Code_Practice.Postcall_CreatingRecord -->
