<?xml version="1.0" encoding="UTF-8"?>
<!-- Generated by org.testng.reporters.JUnitReportReporter -->
<testsuite hostname="ANANDASBEASTLAPTOP" name="basic_Code_Practice.Get_MEthod_singleBookId" tests="1" failures="0" timestamp="31 May 2024 04:44:54 GMT" time="3.984" errors="0">
  <testcase name="SingleBookId_response" time="3.984" classname="basic_Code_Practice.Get_MEthod_singleBookId"/>
</testsuite> <!-- basic_Code_Practice.Get_MEthod_singleBookId -->
