<?xml version="1.0" encoding="UTF-8"?>
<!-- Generated by org.testng.reporters.JUnitReportReporter -->
<testsuite hostname="ANANDASBEASTLAPTOP" name="basic_Code_Practice.Get_Method_allids" tests="1" failures="0" timestamp="30 May 2024 10:13:12 GMT" time="4.848" errors="0">
  <testcase name="GetCall" time="4.848" classname="basic_Code_Practice.Get_Method_allids"/>
</testsuite> <!-- basic_Code_Practice.Get_Method_allids -->
