<?xml version="1.0" encoding="UTF-8"?>
<!-- Generated by org.testng.reporters.JUnitReportReporter -->
<testsuite hostname="ANANDASBEASTLAPTOP" name="textBox_sendingData.Textbox" tests="1" failures="0" timestamp="22 Apr 2024 04:15:44 GMT" time="0.000" errors="0">
  <testcase name="inputdataTo_textBox" time="0.000" classname="textBox_sendingData.Textbox"/>
</testsuite> <!-- textBox_sendingData.Textbox -->
